2025-04-08 17:43:09.524 +03:00 [ERR] Microsoft.AspNetCore.Diagnostics.DeveloperExceptionPageMiddleware An unhandled exception has occurred while executing the request.
System.IO.FileNotFoundException: Could not load file or assembly 'Microsoft.IdentityModel.Tokens, Version=7.5.0.0, Culture=neutral, PublicKeyToken=31bf3856ad364e35'. The system cannot find the file specified.
File name: 'Microsoft.IdentityModel.Tokens, Version=7.5.0.0, Culture=neutral, PublicKeyToken=31bf3856ad364e35'
   at Khadamat_UserManagement.Infrastructure.DependencyInjection.<>c__DisplayClass2_0.<AddAuthentication>b__0(JwtBearerOptions options)
   at Microsoft.Extensions.Options.ConfigureNamedOptions`1.Configure(String name, TOptions options)
   at Microsoft.Extensions.Options.OptionsFactory`1.Create(String name)
   at Microsoft.Extensions.Options.OptionsMonitor`1.<>c.<Get>b__10_0(String name, IOptionsFactory`1 factory)
   at Microsoft.Extensions.Options.OptionsCache`1.<>c__DisplayClass3_1`1.<GetOrAdd>b__2()
   at System.Lazy`1.ViaFactory(LazyThreadSafetyMode mode)
   at System.Lazy`1.ExecutionAndPublication(LazyHelper executionAndPublication, Boolean useDefaultConstructor)
   at System.Lazy`1.CreateValue()
   at Microsoft.Extensions.Options.OptionsCache`1.GetOrAdd[TArg](String name, Func`3 createOptions, TArg factoryArgument)
   at Microsoft.Extensions.Options.OptionsMonitor`1.Get(String name)
   at Microsoft.AspNetCore.Authentication.AuthenticationHandler`1.InitializeAsync(AuthenticationScheme scheme, HttpContext context)
   at Microsoft.AspNetCore.Authentication.AuthenticationHandlerProvider.GetHandlerAsync(HttpContext context, String authenticationScheme)
   at Microsoft.AspNetCore.Authentication.AuthenticationService.AuthenticateAsync(HttpContext context, String scheme)
   at Microsoft.AspNetCore.Authentication.AuthenticationMiddleware.Invoke(HttpContext context)
   at Microsoft.AspNetCore.Diagnostics.DeveloperExceptionPageMiddlewareImpl.Invoke(HttpContext context)

2025-04-08 17:43:10.093 +03:00 [ERR] Microsoft.AspNetCore.Diagnostics.DeveloperExceptionPageMiddleware An unhandled exception has occurred while executing the request.
System.IO.FileNotFoundException: Could not load file or assembly 'Microsoft.IdentityModel.Tokens, Version=7.5.0.0, Culture=neutral, PublicKeyToken=31bf3856ad364e35'. The system cannot find the file specified.
File name: 'Microsoft.IdentityModel.Tokens, Version=7.5.0.0, Culture=neutral, PublicKeyToken=31bf3856ad364e35'
   at Khadamat_UserManagement.Infrastructure.DependencyInjection.<>c__DisplayClass2_0.<AddAuthentication>b__0(JwtBearerOptions options)
   at Microsoft.Extensions.Options.ConfigureNamedOptions`1.Configure(String name, TOptions options)
   at Microsoft.Extensions.Options.OptionsFactory`1.Create(String name)
   at Microsoft.Extensions.Options.OptionsMonitor`1.<>c.<Get>b__10_0(String name, IOptionsFactory`1 factory)
   at Microsoft.Extensions.Options.OptionsCache`1.<>c__DisplayClass3_1`1.<GetOrAdd>b__2()
   at System.Lazy`1.ViaFactory(LazyThreadSafetyMode mode)
--- End of stack trace from previous location ---
   at System.Lazy`1.CreateValue()
   at Microsoft.Extensions.Options.OptionsCache`1.GetOrAdd[TArg](String name, Func`3 createOptions, TArg factoryArgument)
   at Microsoft.Extensions.Options.OptionsMonitor`1.Get(String name)
   at Microsoft.AspNetCore.Authentication.AuthenticationHandler`1.InitializeAsync(AuthenticationScheme scheme, HttpContext context)
   at Microsoft.AspNetCore.Authentication.AuthenticationHandlerProvider.GetHandlerAsync(HttpContext context, String authenticationScheme)
   at Microsoft.AspNetCore.Authentication.AuthenticationService.AuthenticateAsync(HttpContext context, String scheme)
   at Microsoft.AspNetCore.Authentication.AuthenticationMiddleware.Invoke(HttpContext context)
   at Microsoft.AspNetCore.Diagnostics.DeveloperExceptionPageMiddlewareImpl.Invoke(HttpContext context)

2025-04-08 17:45:44.515 +03:00 [ERR] Microsoft.AspNetCore.Diagnostics.DeveloperExceptionPageMiddleware An unhandled exception has occurred while executing the request.
System.InvalidOperationException: Unable to resolve service for type 'Khadamat_UserManagement.Infrastructure.Common.Logging.LogsCollector' while attempting to Invoke middleware 'Khadamat_UserManagement.Infrastructure.Common.Middleware.EventualConsistencyMiddleware'.
   at lambda_method5(Closure, Object, HttpContext, IServiceProvider)
   at Microsoft.AspNetCore.StaticFiles.StaticFileMiddleware.Invoke(HttpContext context)
   at Swashbuckle.AspNetCore.SwaggerUI.SwaggerUIMiddleware.Invoke(HttpContext httpContext)
   at Swashbuckle.AspNetCore.Swagger.SwaggerMiddleware.Invoke(HttpContext httpContext, ISwaggerProvider swaggerProvider)
   at Microsoft.AspNetCore.Authentication.AuthenticationMiddleware.Invoke(HttpContext context)
   at Microsoft.AspNetCore.Diagnostics.DeveloperExceptionPageMiddlewareImpl.Invoke(HttpContext context)

